<?xml version="1.0" encoding="utf-8"?><testsuites name="pytest tests"><testsuite name="pytest" errors="0" failures="0" skipped="0" tests="14" time="14.291" timestamp="2026-03-05T02:26:00.010491+00:00" hostname="agent-env-59b4c49e-57d1-4535-a193-00e41aa8d1fc"><testcase classname="backend.tests.test_csv_import.TestCSVImportAPI" name="test_health_check" time="5.480" /><testcase classname="backend.tests.test_csv_import.TestCSVImportAPI" name="test_login_test_user" time="0.731" /><testcase classname="backend.tests.test_csv_import.TestCSVImportAPI" name="test_csv_import_requires_auth" time="0.232" /><testcase classname="backend.tests.test_csv_import.TestCSVImportAPI" name="test_csv_import_rejects_non_csv" time="0.644" /><testcase classname="backend.tests.test_csv_import.TestCSVImportAPI" name="test_get_initial_trade_count" time="0.409" /><testcase classname="backend.tests.test_csv_import.TestCSVImportAPI" name="test_csv_import_duplicate_prevention" time="2.847" /><testcase classname="backend.tests.test_csv_import.TestCSVImportAPI" name="test_verify_symbol_normalization" time="0.998" /><testcase classname="backend.tests.test_csv_import.TestCSVImportAPI" name="test_verify_pnl_values_from_csv" time="0.505" /><testcase classname="backend.tests.test_csv_import.TestCSVImportAPI" name="test_analytics_summary_updated" time="0.280" /><testcase classname="backend.tests.test_csv_import.TestCSVImportAPI" name="test_instrument_analytics_by_symbol" time="0.229" /><testcase classname="backend.tests.test_csv_import.TestCSVImportAPI" name="test_trades_have_correct_notes" time="0.319" /><testcase classname="backend.tests.test_csv_import.TestCSVImportDataIntegrity" name="test_trade_dates_preserved" time="0.492" /><testcase classname="backend.tests.test_csv_import.TestCSVImportDataIntegrity" name="test_trade_positions_correct" time="0.316" /><testcase classname="backend.tests.test_csv_import.TestCSVImportDataIntegrity" name="test_lot_sizes_preserved" time="0.241" /></testsuite></testsuites>